<?xml version="1.0" encoding="UTF-8"?>
<!-- Generated by org.testng.reporters.JUnitReportReporter -->
<testsuite skipped="0" hostname="DESKTOP-K5S71EA" name="tests.EmptyFieldTest" tests="4" failures="0" timestamp="2022-03-17T02:03:50 EET" time="26.738" errors="0">
  <testcase name="subscribe_With_All_Empty_Fields" time="5.157" classname="tests.EmptyFieldTest"/>
  <system-out/>
  <testcase name="subscribe_With_Empty_First_Name_Field" time="7.312" classname="tests.EmptyFieldTest"/>
  <system-out/>
  <testcase name="subscribe_With_Empty_Last_Name_Field" time="6.996" classname="tests.EmptyFieldTest"/>
  <system-out/>
  <testcase name="subscribe_With_Empty_Email_Field" time="7.273" classname="tests.EmptyFieldTest"/>
  <system-out/>
</testsuite> <!-- tests.EmptyFieldTest -->
