<?xml version="1.0" encoding="UTF-8"?>
<!-- Generated by org.testng.reporters.JUnitReportReporter -->
<testsuite skipped="0" hostname="DESKTOP-K5S71EA" name="tests.SuccessfulSubscriptionTest" tests="1" failures="0" timestamp="2022-03-20T00:48:55 EET" time="23.446" errors="0">
  <testcase name="subscribe_With_All_Valid_Data" time="23.446" classname="tests.SuccessfulSubscriptionTest"/>
  <system-out/>
</testsuite> <!-- tests.SuccessfulSubscriptionTest -->
