<?xml version="1.0" encoding="UTF-8"?>
<!-- Generated by org.testng.reporters.JUnitReportReporter -->
<testsuite skipped="0" hostname="DESKTOP-K5S71EA" name="tests.EmailFormatTest" tests="1" failures="0" timestamp="2022-03-20T00:48:55 EET" time="17.281" errors="0">
  <testcase name="subscribe_With_Invalid_Email_Format" time="17.281" classname="tests.EmailFormatTest"/>
  <system-out/>
</testsuite> <!-- tests.EmailFormatTest -->
