<?xml version="1.0" encoding="UTF-8"?>
<!-- Generated by org.testng.reporters.JUnitReportReporter -->
<testsuite skipped="0" hostname="DESKTOP-K5S71EA" name="tests.SuccessfulSubscriptionTest" tests="1" failures="0" timestamp="2022-03-17T02:03:50 EET" time="3.034" errors="0">
  <testcase name="subscribe_With_All_Valid_Data" time="3.034" classname="tests.SuccessfulSubscriptionTest"/>
  <system-out/>
</testsuite> <!-- tests.SuccessfulSubscriptionTest -->
