<?xml version="1.0" encoding="UTF-8"?>
<!-- Generated by org.testng.reporters.JUnitReportReporter -->
<testsuite skipped="0" hostname="DESKTOP-K5S71EA" name="tests.PlaceHolderTest" tests="1" failures="0" timestamp="2022-03-20T00:48:55 EET" time="40.000" errors="0">
  <testcase name="verify_PlaceHolders_Of_Fields" time="40.000" classname="tests.PlaceHolderTest"/>
  <system-out/>
</testsuite> <!-- tests.PlaceHolderTest -->
