<?xml version="1.0" encoding="UTF-8"?>
<!-- Generated by org.testng.reporters.JUnitReportReporter -->
<testsuite skipped="0" hostname="DESKTOP-K5S71EA" name="tests.EmptyFieldTest" tests="4" failures="0" timestamp="2022-03-20T00:48:55 EET" time="51.452" errors="0">
  <testcase name="subscribe_With_All_Empty_Fields" time="11.207" classname="tests.EmptyFieldTest"/>
  <system-out/>
  <testcase name="subscribe_With_Empty_First_Name_Field" time="12.708" classname="tests.EmptyFieldTest"/>
  <system-out/>
  <testcase name="subscribe_With_Empty_Last_Name_Field" time="14.964" classname="tests.EmptyFieldTest"/>
  <system-out/>
  <testcase name="subscribe_With_Empty_Email_Field" time="12.573" classname="tests.EmptyFieldTest"/>
  <system-out/>
</testsuite> <!-- tests.EmptyFieldTest -->
